<?xml version="1.0" encoding="UTF-8"?>
<testng-results ignored="0" total="2" passed="2" failed="0" skipped="0">
  <reporter-output>
  </reporter-output>
  <suite started-at="2024-07-21T16:22:30 ICT" name="Default suite" finished-at="2024-07-21T16:22:44 ICT" duration-ms="13691">
    <groups>
    </groups>
    <test started-at="2024-07-21T16:22:30 ICT" name="Default test" finished-at="2024-07-21T16:22:44 ICT" duration-ms="13691">
      <class name="testng.Main">
        <test-method is-config="true" signature="setUp()[pri:0, instance:testng.Main@5824a83d]" started-at="2024-07-21T16:22:30 ICT" name="setUp" finished-at="2024-07-21T16:22:32 ICT" duration-ms="1826" status="PASS">
          <reporter-output>
          </reporter-output>
        </test-method> <!-- setUp -->
        <test-method signature="fileUploadTest()[pri:0, instance:testng.Main@5824a83d]" started-at="2024-07-21T16:22:32 ICT" name="fileUploadTest" finished-at="2024-07-21T16:22:38 ICT" duration-ms="6044" status="PASS">
          <reporter-output>
          </reporter-output>
        </test-method> <!-- fileUploadTest -->
        <test-method signature="executeTest()[pri:1, instance:testng.Main@5824a83d]" started-at="2024-07-21T16:22:38 ICT" name="executeTest" finished-at="2024-07-21T16:22:44 ICT" duration-ms="5475" status="PASS">
          <reporter-output>
          </reporter-output>
        </test-method> <!-- executeTest -->
        <test-method is-config="true" signature="tearDown()[pri:0, instance:testng.Main@5824a83d]" started-at="2024-07-21T16:22:44 ICT" name="tearDown" finished-at="2024-07-21T16:22:44 ICT" duration-ms="273" status="PASS">
          <reporter-output>
          </reporter-output>
        </test-method> <!-- tearDown -->
      </class> <!-- testng.Main -->
    </test> <!-- Default test -->
  </suite> <!-- Default suite -->
</testng-results>
