<?xml version="1.0" encoding="UTF-8"?>
<testng-results ignored="0" total="1" passed="1" failed="0" skipped="0">
  <reporter-output>
  </reporter-output>
  <suite started-at="2024-07-21T15:25:21 ICT" name="Default suite" finished-at="2024-07-21T15:25:28 ICT" duration-ms="6408">
    <groups>
    </groups>
    <test started-at="2024-07-21T15:25:21 ICT" name="Default test" finished-at="2024-07-21T15:25:28 ICT" duration-ms="6408">
      <class name="testng.Main">
        <test-method is-config="true" signature="setUp()[pri:0, instance:testng.Main@7b36aa0c]" started-at="2024-07-21T15:25:21 ICT" name="setUp" finished-at="2024-07-21T15:25:23 ICT" duration-ms="1661" status="PASS">
          <reporter-output>
          </reporter-output>
        </test-method> <!-- setUp -->
        <test-method signature="executeTest()[pri:1, instance:testng.Main@7b36aa0c]" started-at="2024-07-21T15:25:23 ICT" name="executeTest" finished-at="2024-07-21T15:25:27 ICT" duration-ms="4400" status="PASS">
          <reporter-output>
          </reporter-output>
        </test-method> <!-- executeTest -->
        <test-method is-config="true" signature="tearDown()[pri:0, instance:testng.Main@7b36aa0c]" started-at="2024-07-21T15:25:27 ICT" name="tearDown" finished-at="2024-07-21T15:25:28 ICT" duration-ms="263" status="PASS">
          <reporter-output>
          </reporter-output>
        </test-method> <!-- tearDown -->
      </class> <!-- testng.Main -->
    </test> <!-- Default test -->
  </suite> <!-- Default suite -->
</testng-results>
