<?xml version="1.0" encoding="UTF-8"?>
<!-- Generated by org.testng.reporters.JUnitXMLReporter -->
<testsuite ignored="0" hostname="Admin" failures="0" tests="4" name="Default test" time="46.568" errors="0" timestamp="2024-07-28T16:21:37 ICT">
  <testcase classname="com.autotest.homework3.Exercise4" name="testValidateLogin" time="14.708"/>
  <testcase classname="com.autotest.homework3.Exercise4" name="testValidateLogin" time="12.719"/>
  <testcase classname="com.autotest.homework3.Exercise4" name="testValidateLogin" time="12.379"/>
  <testcase classname="com.autotest.homework3.Exercise4" name="testValidateLogin" time="2.929"/>
</testsuite> <!-- Default test -->
