<?xml version="1.0" encoding="UTF-8"?>
<testng-results ignored="0" total="1" passed="1" failed="0" skipped="0">
  <reporter-output>
  </reporter-output>
  <suite started-at="2024-07-27T12:27:23 ICT" name="Default suite" finished-at="2024-07-27T12:27:38 ICT" duration-ms="14163">
    <groups>
    </groups>
    <test started-at="2024-07-27T12:27:23 ICT" name="Default test" finished-at="2024-07-27T12:27:38 ICT" duration-ms="14163">
      <class name="com.autotest.homework3.Exercise3">
        <test-method is-config="true" signature="setup()[pri:0, instance:com.autotest.homework3.Exercise3@2f67a4d3]" started-at="2024-07-27T12:27:24 ICT" name="setup" finished-at="2024-07-27T12:27:28 ICT" duration-ms="4053" status="PASS">
          <reporter-output>
          </reporter-output>
        </test-method> <!-- setup -->
        <test-method signature="testLoginLogout()[pri:0, instance:com.autotest.homework3.Exercise3@2f67a4d3]" started-at="2024-07-27T12:27:28 ICT" name="testLoginLogout" finished-at="2024-07-27T12:27:37 ICT" duration-ms="9648" status="PASS">
          <reporter-output>
          </reporter-output>
        </test-method> <!-- testLoginLogout -->
        <test-method is-config="true" signature="tearDown()[pri:0, instance:com.autotest.homework3.Exercise3@2f67a4d3]" started-at="2024-07-27T12:27:37 ICT" name="tearDown" finished-at="2024-07-27T12:27:38 ICT" duration-ms="390" status="PASS">
          <reporter-output>
          </reporter-output>
        </test-method> <!-- tearDown -->
      </class> <!-- com.autotest.homework3.Exercise3 -->
    </test> <!-- Default test -->
  </suite> <!-- Default suite -->
</testng-results>
