<?xml version="1.0" encoding="UTF-8"?>
<testng-results ignored="0" total="1" passed="1" failed="0" skipped="0">
  <reporter-output>
  </reporter-output>
  <suite started-at="2024-07-22T15:46:15 ICT" name="Default suite" finished-at="2024-07-22T15:46:32 ICT" duration-ms="16912">
    <groups>
    </groups>
    <test started-at="2024-07-22T15:46:15 ICT" name="Default test" finished-at="2024-07-22T15:46:32 ICT" duration-ms="16912">
      <class name="testing.Exercise1">
        <test-method is-config="true" signature="setUp()[pri:0, instance:testing.Exercise1@5e600dd5]" started-at="2024-07-22T15:46:15 ICT" name="setUp" finished-at="2024-07-22T15:46:17 ICT" duration-ms="1705" status="PASS">
          <reporter-output>
          </reporter-output>
        </test-method> <!-- setUp -->
        <test-method signature="executeTest()[pri:0, instance:testing.Exercise1@5e600dd5]" started-at="2024-07-22T15:46:17 ICT" name="executeTest" finished-at="2024-07-22T15:46:32 ICT" duration-ms="14891" status="PASS">
          <reporter-output>
          </reporter-output>
        </test-method> <!-- executeTest -->
        <test-method is-config="true" signature="tearDown()[pri:0, instance:testing.Exercise1@5e600dd5]" started-at="2024-07-22T15:46:32 ICT" name="tearDown" finished-at="2024-07-22T15:46:32 ICT" duration-ms="247" status="PASS">
          <reporter-output>
          </reporter-output>
        </test-method> <!-- tearDown -->
      </class> <!-- testing.Exercise1 -->
    </test> <!-- Default test -->
  </suite> <!-- Default suite -->
</testng-results>
